<?xml version="1.0" encoding="UTF-8"?>
<!-- Generated by org.testng.reporters.JUnitXMLReporter -->
<testsuite ignored="0" hostname="Pravin-Zoof-Laptop" failures="0" tests="5" name="Default test" time="37.047" errors="0" timestamp="2023-04-20T21:56:15 IST">
  <testcase classname="com.qa.countable.tests.DashboardTest" name="verifyHomeTitle" time="0.719"/>
  <testcase classname="com.qa.countable.tests.DashboardTest" name="HomepageHeader" time="0.563"/>
  <testcase classname="com.qa.countable.tests.DashboardTest" name="DashboardSearch" time="5.222"/>
  <testcase classname="com.qa.countable.tests.DashboardTest" name="ViewTeam" time="3.272"/>
  <testcase classname="com.qa.countable.tests.DashboardTest" name="BackDashboard" time="5.105"/>
</testsuite> <!-- Default test -->
