<?xml version="1.0" encoding="UTF-8"?>
<!-- Generated by org.testng.reporters.JUnitXMLReporter -->
<testsuite ignored="0" hostname="Pravin-Zoof-Laptop" failures="0" tests="8" name="Countable functional Test" time="45.842" errors="0" timestamp="2023-04-13T18:30:29 IST">
  <testcase classname="com.qa.countable.tests.LoginPageTest" name="verifyLoginTitleTest" time="0.011"/>
  <testcase classname="com.qa.countable.tests.LoginPageTest" name="verifysignuplink" time="0.052"/>
  <testcase classname="com.qa.countable.tests.LoginPageTest" name="loginTest" time="0.568"/>
  <testcase classname="com.qa.countable.tests.DashboardTest" name="verifyHomeTitle" time="0.033"/>
  <testcase classname="com.qa.countable.tests.DashboardTest" name="HomepageHeader" time="0.213"/>
  <testcase classname="com.qa.countable.tests.DashboardTest" name="DashboardSearch" time="5.317"/>
  <testcase classname="com.qa.countable.tests.DashboardTest" name="ViewTeam" time="0.376"/>
  <testcase classname="com.qa.countable.tests.DashboardTest" name="BackDashboard" time="0.113"/>
</testsuite> <!-- Countable functional Test -->
